[ 2016-08-08T11:07:05+08:00 ] ::1 /libao/index.php/Home/Record/lists
INFO: [ app_init ] --START--
INFO: Run Behavior\BuildLiteBehavior [ RunTime:0.000000s ]
INFO: [ app_init ] --END-- [ RunTime:0.001000s ]
INFO: [ app_begin ] --START--
INFO: Run Behavior\ReadHtmlCacheBehavior [ RunTime:0.001000s ]
INFO: [ app_begin ] --END-- [ RunTime:0.001000s ]
SQL: SHOW COLUMNS FROM `game` [ RunTime:0.0110s ]
SQL: SELECT * FROM `game`  [ RunTime:0.0000s ]
INFO: [ view_parse ] --START--
INFO: [ template_filter ] --START--
INFO: Run Behavior\ContentReplaceBehavior [ RunTime:0.000000s ]
INFO: [ template_filter ] --END-- [ RunTime:0.001000s ]
INFO: Run Behavior\ParseTemplateBehavior [ RunTime:0.015001s ]
INFO: [ view_parse ] --END-- [ RunTime:0.015001s ]
INFO: [ view_filter ] --START--
INFO: Run Behavior\WriteHtmlCacheBehavior [ RunTime:0.001000s ]
INFO: [ view_filter ] --END-- [ RunTime:0.001000s ]
INFO: [ app_end ] --START--
INFO: Run Behavior\ShowPageTraceBehavior [ RunTime:0.001000s ]
INFO: [ app_end ] --END-- [ RunTime:0.001000s ]

[ 2016-08-08T11:07:06+08:00 ] ::1 /libao/index.php/Home/Record/listsdata?_=1470625626007
INFO: [ app_init ] --START--
INFO: Run Behavior\BuildLiteBehavior [ RunTime:0.000000s ]
INFO: [ app_init ] --END-- [ RunTime:0.000000s ]
INFO: [ app_begin ] --START--
INFO: Run Behavior\ReadHtmlCacheBehavior [ RunTime:0.001000s ]
INFO: [ app_begin ] --END-- [ RunTime:0.001000s ]
SQL: select a.*,FROM_UNIXTIME(a.gettime, '%Y-%m-%d %H:%i:%s') as gettime,game_name,c.gift_name,c.content from code as a, game as b,gamepacks as c
                where  a.giftsid=c.giftsid and b.gameid=c.game_id and  flag=1 [ RunTime:0.0510s ]

[ 2016-08-08T11:07:07+08:00 ] ::1 /libao/index.php/Home/Record/giftsdata?_=1470625626008
INFO: [ app_init ] --START--
INFO: Run Behavior\BuildLiteBehavior [ RunTime:0.000000s ]
INFO: [ app_init ] --END-- [ RunTime:0.001000s ]
INFO: [ app_begin ] --START--
INFO: Run Behavior\ReadHtmlCacheBehavior [ RunTime:0.001000s ]
INFO: [ app_begin ] --END-- [ RunTime:0.001000s ]
SQL: select *,FROM_UNIXTIME(endtime, '%Y-%m-%d %H:%i:%s') as endtime1 from gamepacks where 1=1 order by endtime desc [ RunTime:0.0000s ]

[ 2016-08-08T11:07:21+08:00 ] ::1 /libao/index.php/Home/Record/giftsdata?_=1470625626009
INFO: [ app_init ] --START--
INFO: Run Behavior\BuildLiteBehavior [ RunTime:0.000000s ]
INFO: [ app_init ] --END-- [ RunTime:0.000000s ]
INFO: [ app_begin ] --START--
INFO: Run Behavior\ReadHtmlCacheBehavior [ RunTime:0.001000s ]
INFO: [ app_begin ] --END-- [ RunTime:0.001000s ]
NOTIC: [8] Use of undefined constant giftname - assumed 'giftname' E:\dingding\wamp\www\libao\Application\Home\Controller\RecordController.class.php 第 23 行.
SQL: select *,FROM_UNIXTIME(endtime, '%Y-%m-%d %H:%i:%s') as endtime1 from gamepacks where 1=1 and gift_name='幻城礼包1' order by endtime desc [ RunTime:0.0010s ]

[ 2016-08-08T11:10:14+08:00 ] ::1 /libao/index.php/Home/Record/giftsdata?_=1470625626010
INFO: [ app_init ] --START--
INFO: Run Behavior\BuildLiteBehavior [ RunTime:0.000000s ]
INFO: [ app_init ] --END-- [ RunTime:0.001000s ]
INFO: [ app_begin ] --START--
INFO: Run Behavior\ReadHtmlCacheBehavior [ RunTime:0.001000s ]
INFO: [ app_begin ] --END-- [ RunTime:0.001000s ]
NOTIC: [8] Use of undefined constant token - assumed 'token' E:\dingding\wamp\www\libao\Application\Home\Controller\RecordController.class.php 第 28 行.
SQL: select *,FROM_UNIXTIME(endtime, '%Y-%m-%d %H:%i:%s') as endtime1 from gamepacks where 1=1 and token='幻城礼包1' order by endtime desc [ RunTime:0.0010s ]

[ 2016-08-08T11:10:15+08:00 ] ::1 /libao/index.php/Home/Record/giftsdata?_=1470625626011
INFO: [ app_init ] --START--
INFO: Run Behavior\BuildLiteBehavior [ RunTime:0.000000s ]
INFO: [ app_init ] --END-- [ RunTime:0.001000s ]
INFO: [ app_begin ] --START--
INFO: Run Behavior\ReadHtmlCacheBehavior [ RunTime:0.001000s ]
INFO: [ app_begin ] --END-- [ RunTime:0.001000s ]
NOTIC: [8] Use of undefined constant token - assumed 'token' E:\dingding\wamp\www\libao\Application\Home\Controller\RecordController.class.php 第 28 行.
SQL: select *,FROM_UNIXTIME(endtime, '%Y-%m-%d %H:%i:%s') as endtime1 from gamepacks where 1=1 and token='幻城礼包1' order by endtime desc [ RunTime:0.0010s ]

[ 2016-08-08T11:10:18+08:00 ] ::1 /libao/index.php/Home/Record/importAgain/giftsid/34
INFO: [ app_init ] --START--
INFO: Run Behavior\BuildLiteBehavior [ RunTime:0.000000s ]
INFO: [ app_init ] --END-- [ RunTime:0.001000s ]
INFO: [ app_begin ] --START--
INFO: Run Behavior\ReadHtmlCacheBehavior [ RunTime:0.000000s ]
INFO: [ app_begin ] --END-- [ RunTime:0.000000s ]
SQL: select a.*,b.game_name,FROM_UNIXTIME(a.endtime, '%Y-%m-%d %H:%i:%s') as endtime from gamepacks as a, game as b where a.game_id=b.gameid and a.giftsid='34' [ RunTime:0.0000s ]
INFO: [ app_end ] --START--
INFO: Run Behavior\ShowPageTraceBehavior [ RunTime:0.002001s ]
INFO: [ app_end ] --END-- [ RunTime:0.002001s ]

[ 2016-08-08T11:10:22+08:00 ] ::1 /libao/index.php/Home/Record/importAgain/giftsid/34
INFO: [ app_init ] --START--
INFO: Run Behavior\BuildLiteBehavior [ RunTime:0.000000s ]
INFO: [ app_init ] --END-- [ RunTime:0.001000s ]
INFO: [ app_begin ] --START--
INFO: Run Behavior\ReadHtmlCacheBehavior [ RunTime:0.000000s ]
INFO: [ app_begin ] --END-- [ RunTime:0.001000s ]
SQL: select a.*,b.game_name,FROM_UNIXTIME(a.endtime, '%Y-%m-%d %H:%i:%s') as endtime from gamepacks as a, game as b where a.game_id=b.gameid and a.giftsid='34' [ RunTime:0.0010s ]
INFO: [ app_end ] --START--
INFO: Run Behavior\ShowPageTraceBehavior [ RunTime:0.001000s ]
INFO: [ app_end ] --END-- [ RunTime:0.001000s ]

[ 2016-08-08T11:10:23+08:00 ] ::1 /libao/index.php/Home/Record/importAgain/giftsid/34
INFO: [ app_init ] --START--
INFO: Run Behavior\BuildLiteBehavior [ RunTime:0.000000s ]
INFO: [ app_init ] --END-- [ RunTime:0.001000s ]
INFO: [ app_begin ] --START--
INFO: Run Behavior\ReadHtmlCacheBehavior [ RunTime:0.002000s ]
INFO: [ app_begin ] --END-- [ RunTime:0.002000s ]
SQL: select a.*,b.game_name,FROM_UNIXTIME(a.endtime, '%Y-%m-%d %H:%i:%s') as endtime from gamepacks as a, game as b where a.game_id=b.gameid and a.giftsid='34' [ RunTime:0.0000s ]
INFO: [ app_end ] --START--
INFO: Run Behavior\ShowPageTraceBehavior [ RunTime:0.001000s ]
INFO: [ app_end ] --END-- [ RunTime:0.002000s ]

[ 2016-08-08T11:10:26+08:00 ] ::1 /libao/index.php/Home/Record/importAgain/giftsid/34
INFO: [ app_init ] --START--
INFO: Run Behavior\BuildLiteBehavior [ RunTime:0.000000s ]
INFO: [ app_init ] --END-- [ RunTime:0.001000s ]
INFO: [ app_begin ] --START--
INFO: Run Behavior\ReadHtmlCacheBehavior [ RunTime:0.001000s ]
INFO: [ app_begin ] --END-- [ RunTime:0.001000s ]
SQL: select a.*,b.game_name,FROM_UNIXTIME(a.endtime, '%Y-%m-%d %H:%i:%s') as endtime from gamepacks as a, game as b where a.game_id=b.gameid and a.giftsid='34' [ RunTime:0.0000s ]
INFO: [ app_end ] --START--
INFO: Run Behavior\ShowPageTraceBehavior [ RunTime:0.000000s ]
INFO: [ app_end ] --END-- [ RunTime:0.000000s ]

[ 2016-08-08T11:10:29+08:00 ] ::1 /libao/index.php/Home/Record/listsdata?_=1470625829341
INFO: [ app_init ] --START--
INFO: Run Behavior\BuildLiteBehavior [ RunTime:0.000000s ]
INFO: [ app_init ] --END-- [ RunTime:0.000000s ]
INFO: [ app_begin ] --START--
INFO: Run Behavior\ReadHtmlCacheBehavior [ RunTime:0.000000s ]
INFO: [ app_begin ] --END-- [ RunTime:0.000000s ]
SQL: select a.*,FROM_UNIXTIME(a.gettime, '%Y-%m-%d %H:%i:%s') as gettime,game_name,c.gift_name,c.content from code as a, game as b,gamepacks as c
                where  a.giftsid=c.giftsid and b.gameid=c.game_id and  flag=1 [ RunTime:0.0070s ]

[ 2016-08-08T11:10:30+08:00 ] ::1 /libao/index.php/Home/Record/giftsdata?_=1470625829342
INFO: [ app_init ] --START--
INFO: Run Behavior\BuildLiteBehavior [ RunTime:0.000000s ]
INFO: [ app_init ] --END-- [ RunTime:0.001000s ]
INFO: [ app_begin ] --START--
INFO: Run Behavior\ReadHtmlCacheBehavior [ RunTime:0.002000s ]
INFO: [ app_begin ] --END-- [ RunTime:0.002000s ]
SQL: select *,FROM_UNIXTIME(endtime, '%Y-%m-%d %H:%i:%s') as endtime1 from gamepacks where 1=1 order by endtime desc [ RunTime:0.0000s ]

[ 2016-08-08T11:10:33+08:00 ] ::1 /libao/index.php/Home/Record/importAgain/giftsid/34
INFO: [ app_init ] --START--
INFO: Run Behavior\BuildLiteBehavior [ RunTime:0.000000s ]
INFO: [ app_init ] --END-- [ RunTime:0.000000s ]
INFO: [ app_begin ] --START--
INFO: Run Behavior\ReadHtmlCacheBehavior [ RunTime:0.001000s ]
INFO: [ app_begin ] --END-- [ RunTime:0.001000s ]
SQL: select a.*,b.game_name,FROM_UNIXTIME(a.endtime, '%Y-%m-%d %H:%i:%s') as endtime from gamepacks as a, game as b where a.game_id=b.gameid and a.giftsid='34' [ RunTime:0.0010s ]
INFO: [ app_end ] --START--
INFO: Run Behavior\ShowPageTraceBehavior [ RunTime:0.000000s ]
INFO: [ app_end ] --END-- [ RunTime:0.000000s ]

[ 2016-08-08T11:10:36+08:00 ] ::1 /libao/index.php/Home/Record/listsdata?_=1470625836550
INFO: [ app_init ] --START--
INFO: Run Behavior\BuildLiteBehavior [ RunTime:0.000000s ]
INFO: [ app_init ] --END-- [ RunTime:0.001000s ]
INFO: [ app_begin ] --START--
INFO: Run Behavior\ReadHtmlCacheBehavior [ RunTime:0.001000s ]
INFO: [ app_begin ] --END-- [ RunTime:0.001000s ]
SQL: select a.*,FROM_UNIXTIME(a.gettime, '%Y-%m-%d %H:%i:%s') as gettime,game_name,c.gift_name,c.content from code as a, game as b,gamepacks as c
                where  a.giftsid=c.giftsid and b.gameid=c.game_id and  flag=1 [ RunTime:0.0060s ]

[ 2016-08-08T11:10:37+08:00 ] ::1 /libao/index.php/Home/Record/giftsdata?_=1470625836551
INFO: [ app_init ] --START--
INFO: Run Behavior\BuildLiteBehavior [ RunTime:0.000000s ]
INFO: [ app_init ] --END-- [ RunTime:0.001000s ]
INFO: [ app_begin ] --START--
INFO: Run Behavior\ReadHtmlCacheBehavior [ RunTime:0.001000s ]
INFO: [ app_begin ] --END-- [ RunTime:0.001000s ]
SQL: select *,FROM_UNIXTIME(endtime, '%Y-%m-%d %H:%i:%s') as endtime1 from gamepacks where 1=1 order by endtime desc [ RunTime:0.0010s ]

[ 2016-08-08T11:10:40+08:00 ] ::1 /libao/index.php/Home/Record/news_step2/name/%E5%BE%A1%E5%89%91%E6%83%85%E7%BC%98
INFO: [ app_init ] --START--
INFO: Run Behavior\BuildLiteBehavior [ RunTime:0.000000s ]
INFO: [ app_init ] --END-- [ RunTime:0.001000s ]
INFO: [ app_begin ] --START--
INFO: Run Behavior\ReadHtmlCacheBehavior [ RunTime:0.001000s ]
INFO: [ app_begin ] --END-- [ RunTime:0.001000s ]
INFO: [ view_parse ] --START--
INFO: [ template_filter ] --START--
INFO: Run Behavior\ContentReplaceBehavior [ RunTime:0.000000s ]
INFO: [ template_filter ] --END-- [ RunTime:0.000000s ]
INFO: Run Behavior\ParseTemplateBehavior [ RunTime:0.008000s ]
INFO: [ view_parse ] --END-- [ RunTime:0.008000s ]
INFO: [ view_filter ] --START--
INFO: Run Behavior\WriteHtmlCacheBehavior [ RunTime:0.001000s ]
INFO: [ view_filter ] --END-- [ RunTime:0.001000s ]
INFO: [ app_end ] --START--
INFO: Run Behavior\ShowPageTraceBehavior [ RunTime:0.001001s ]
INFO: [ app_end ] --END-- [ RunTime:0.001001s ]

[ 2016-08-08T11:10:45+08:00 ] ::1 /libao/index.php/Home/Record/listsdata?_=1470625845085
INFO: [ app_init ] --START--
INFO: Run Behavior\BuildLiteBehavior [ RunTime:0.000000s ]
INFO: [ app_init ] --END-- [ RunTime:0.000000s ]
INFO: [ app_begin ] --START--
INFO: Run Behavior\ReadHtmlCacheBehavior [ RunTime:0.001000s ]
INFO: [ app_begin ] --END-- [ RunTime:0.001000s ]
SQL: select a.*,FROM_UNIXTIME(a.gettime, '%Y-%m-%d %H:%i:%s') as gettime,game_name,c.gift_name,c.content from code as a, game as b,gamepacks as c
                where  a.giftsid=c.giftsid and b.gameid=c.game_id and  flag=1 [ RunTime:0.0060s ]

[ 2016-08-08T11:10:46+08:00 ] ::1 /libao/index.php/Home/Record/giftsdata?_=1470625845086
INFO: [ app_init ] --START--
INFO: Run Behavior\BuildLiteBehavior [ RunTime:0.000000s ]
INFO: [ app_init ] --END-- [ RunTime:0.001001s ]
INFO: [ app_begin ] --START--
INFO: Run Behavior\ReadHtmlCacheBehavior [ RunTime:0.001000s ]
INFO: [ app_begin ] --END-- [ RunTime:0.001000s ]
SQL: select *,FROM_UNIXTIME(endtime, '%Y-%m-%d %H:%i:%s') as endtime1 from gamepacks where 1=1 order by endtime desc [ RunTime:0.0010s ]

[ 2016-08-08T11:10:53+08:00 ] ::1 /libao/index.php/Home/Record/lists
INFO: [ app_init ] --START--
INFO: Run Behavior\BuildLiteBehavior [ RunTime:0.000000s ]
INFO: [ app_init ] --END-- [ RunTime:0.000000s ]
INFO: [ app_begin ] --START--
INFO: Run Behavior\ReadHtmlCacheBehavior [ RunTime:0.001000s ]
INFO: [ app_begin ] --END-- [ RunTime:0.001000s ]
SQL: SHOW COLUMNS FROM `game` [ RunTime:0.0060s ]
SQL: SELECT * FROM `game`  [ RunTime:0.0000s ]
INFO: [ view_parse ] --START--
INFO: [ template_filter ] --START--
INFO: Run Behavior\ContentReplaceBehavior [ RunTime:0.000000s ]
INFO: [ template_filter ] --END-- [ RunTime:0.000000s ]
INFO: Run Behavior\ParseTemplateBehavior [ RunTime:0.007000s ]
INFO: [ view_parse ] --END-- [ RunTime:0.007000s ]
INFO: [ view_filter ] --START--
INFO: Run Behavior\WriteHtmlCacheBehavior [ RunTime:0.000000s ]
INFO: [ view_filter ] --END-- [ RunTime:0.000000s ]
INFO: [ app_end ] --START--
INFO: Run Behavior\ShowPageTraceBehavior [ RunTime:0.000000s ]
INFO: [ app_end ] --END-- [ RunTime:0.000000s ]

[ 2016-08-08T11:10:53+08:00 ] ::1 /libao/index.php/Home/Record/listsdata?_=1470625853287
INFO: [ app_init ] --START--
INFO: Run Behavior\BuildLiteBehavior [ RunTime:0.000000s ]
INFO: [ app_init ] --END-- [ RunTime:0.001000s ]
INFO: [ app_begin ] --START--
INFO: Run Behavior\ReadHtmlCacheBehavior [ RunTime:0.001000s ]
INFO: [ app_begin ] --END-- [ RunTime:0.001000s ]
SQL: select a.*,FROM_UNIXTIME(a.gettime, '%Y-%m-%d %H:%i:%s') as gettime,game_name,c.gift_name,c.content from code as a, game as b,gamepacks as c
                where  a.giftsid=c.giftsid and b.gameid=c.game_id and  flag=1 [ RunTime:0.0070s ]

[ 2016-08-08T11:10:54+08:00 ] ::1 /libao/index.php/Home/Record/giftsdata?_=1470625853288
INFO: [ app_init ] --START--
INFO: Run Behavior\BuildLiteBehavior [ RunTime:0.000000s ]
INFO: [ app_init ] --END-- [ RunTime:0.001000s ]
INFO: [ app_begin ] --START--
INFO: Run Behavior\ReadHtmlCacheBehavior [ RunTime:0.001000s ]
INFO: [ app_begin ] --END-- [ RunTime:0.001000s ]
SQL: select *,FROM_UNIXTIME(endtime, '%Y-%m-%d %H:%i:%s') as endtime1 from gamepacks where 1=1 order by endtime desc [ RunTime:0.0010s ]

[ 2016-08-08T11:10:55+08:00 ] ::1 /libao/index.php/Home/Record/importAgain/giftsid/34
INFO: [ app_init ] --START--
INFO: Run Behavior\BuildLiteBehavior [ RunTime:0.000000s ]
INFO: [ app_init ] --END-- [ RunTime:0.000000s ]
INFO: [ app_begin ] --START--
INFO: Run Behavior\ReadHtmlCacheBehavior [ RunTime:0.000000s ]
INFO: [ app_begin ] --END-- [ RunTime:0.000000s ]
SQL: select a.*,b.game_name,FROM_UNIXTIME(a.endtime, '%Y-%m-%d %H:%i:%s') as endtime from gamepacks as a, game as b where a.game_id=b.gameid and a.giftsid='34' [ RunTime:0.0000s ]
INFO: [ app_end ] --START--
INFO: Run Behavior\ShowPageTraceBehavior [ RunTime:0.001000s ]
INFO: [ app_end ] --END-- [ RunTime:0.001000s ]

[ 2016-08-08T11:11:48+08:00 ] ::1 /libao/index.php/Home/Record/importAgain
INFO: [ app_init ] --START--
INFO: Run Behavior\BuildLiteBehavior [ RunTime:0.000000s ]
INFO: [ app_init ] --END-- [ RunTime:0.001000s ]
INFO: [ app_begin ] --START--
INFO: Run Behavior\ReadHtmlCacheBehavior [ RunTime:0.000000s ]
INFO: [ app_begin ] --END-- [ RunTime:0.000000s ]
NOTIC: [8] Undefined index: giftsid E:\dingding\wamp\www\libao\Application\Home\Controller\RecordController.class.php 第 115 行.
SQL: select a.*,b.game_name,FROM_UNIXTIME(a.endtime, '%Y-%m-%d %H:%i:%s') as endtime from gamepacks as a, game as b where a.game_id=b.gameid and a.giftsid='' [ RunTime:0.0010s ]
NOTIC: [8] Undefined offset: 0 E:\dingding\wamp\www\libao\Application\Home\Controller\RecordController.class.php 第 119 行.
INFO: [ app_end ] --START--
INFO: Run Behavior\ShowPageTraceBehavior [ RunTime:0.000000s ]
INFO: [ app_end ] --END-- [ RunTime:0.000000s ]

[ 2016-08-08T11:12:56+08:00 ] ::1 /libao/index.php/Home/Record/importAgain/giftsid/34
INFO: [ app_init ] --START--
INFO: Run Behavior\BuildLiteBehavior [ RunTime:0.000000s ]
INFO: [ app_init ] --END-- [ RunTime:0.000000s ]
INFO: [ app_begin ] --START--
INFO: Run Behavior\ReadHtmlCacheBehavior [ RunTime:0.000000s ]
INFO: [ app_begin ] --END-- [ RunTime:0.000000s ]
SQL: select a.*,b.game_name,FROM_UNIXTIME(a.endtime, '%Y-%m-%d %H:%i:%s') as endtime from gamepacks as a, game as b where a.game_id=b.gameid and a.giftsid='34' [ RunTime:0.0000s ]
INFO: [ app_end ] --START--
INFO: Run Behavior\ShowPageTraceBehavior [ RunTime:0.001000s ]
INFO: [ app_end ] --END-- [ RunTime:0.001000s ]

[ 2016-08-08T11:12:59+08:00 ] ::1 /libao/index.php/Home/Record/listsdata?_=1470625979835
INFO: [ app_init ] --START--
INFO: Run Behavior\BuildLiteBehavior [ RunTime:0.000000s ]
INFO: [ app_init ] --END-- [ RunTime:0.001001s ]
INFO: [ app_begin ] --START--
INFO: Run Behavior\ReadHtmlCacheBehavior [ RunTime:0.000000s ]
INFO: [ app_begin ] --END-- [ RunTime:0.000000s ]
SQL: select a.*,FROM_UNIXTIME(a.gettime, '%Y-%m-%d %H:%i:%s') as gettime,game_name,c.gift_name,c.content from code as a, game as b,gamepacks as c
                where  a.giftsid=c.giftsid and b.gameid=c.game_id and  flag=1 [ RunTime:0.0070s ]

[ 2016-08-08T11:13:00+08:00 ] ::1 /libao/index.php/Home/Record/giftsdata?_=1470625979836
INFO: [ app_init ] --START--
INFO: Run Behavior\BuildLiteBehavior [ RunTime:0.000000s ]
INFO: [ app_init ] --END-- [ RunTime:0.001000s ]
INFO: [ app_begin ] --START--
INFO: Run Behavior\ReadHtmlCacheBehavior [ RunTime:0.001000s ]
INFO: [ app_begin ] --END-- [ RunTime:0.001000s ]
SQL: select *,FROM_UNIXTIME(endtime, '%Y-%m-%d %H:%i:%s') as endtime1 from gamepacks where 1=1 order by endtime desc [ RunTime:0.0010s ]

[ 2016-08-08T11:13:01+08:00 ] ::1 /libao/index.php/Home/Record/listsdata?_=1470625981753
INFO: [ app_init ] --START--
INFO: Run Behavior\BuildLiteBehavior [ RunTime:0.000000s ]
INFO: [ app_init ] --END-- [ RunTime:0.000000s ]
INFO: [ app_begin ] --START--
INFO: Run Behavior\ReadHtmlCacheBehavior [ RunTime:0.001000s ]
INFO: [ app_begin ] --END-- [ RunTime:0.001000s ]
SQL: select a.*,FROM_UNIXTIME(a.gettime, '%Y-%m-%d %H:%i:%s') as gettime,game_name,c.gift_name,c.content from code as a, game as b,gamepacks as c
                where  a.giftsid=c.giftsid and b.gameid=c.game_id and  flag=1 [ RunTime:0.0070s ]

[ 2016-08-08T11:13:02+08:00 ] ::1 /libao/index.php/Home/Record/giftsdata?_=1470625981754
INFO: [ app_init ] --START--
INFO: Run Behavior\BuildLiteBehavior [ RunTime:0.000000s ]
INFO: [ app_init ] --END-- [ RunTime:0.001000s ]
INFO: [ app_begin ] --START--
INFO: Run Behavior\ReadHtmlCacheBehavior [ RunTime:0.001000s ]
INFO: [ app_begin ] --END-- [ RunTime:0.002000s ]
SQL: select *,FROM_UNIXTIME(endtime, '%Y-%m-%d %H:%i:%s') as endtime1 from gamepacks where 1=1 order by endtime desc [ RunTime:0.0010s ]

[ 2016-08-08T11:14:33+08:00 ] ::1 /libao/index.php/Home/Record/news_step2/name/%E5%BE%A1%E5%89%91%E6%83%85%E7%BC%98
INFO: [ app_init ] --START--
INFO: Run Behavior\BuildLiteBehavior [ RunTime:0.000000s ]
INFO: [ app_init ] --END-- [ RunTime:0.001000s ]
INFO: [ app_begin ] --START--
INFO: Run Behavior\ReadHtmlCacheBehavior [ RunTime:0.001001s ]
INFO: [ app_begin ] --END-- [ RunTime:0.001001s ]
INFO: [ view_parse ] --START--
INFO: [ template_filter ] --START--
INFO: Run Behavior\ContentReplaceBehavior [ RunTime:0.000000s ]
INFO: [ template_filter ] --END-- [ RunTime:0.000000s ]
INFO: Run Behavior\ParseTemplateBehavior [ RunTime:0.016001s ]
INFO: [ view_parse ] --END-- [ RunTime:0.016001s ]
INFO: [ view_filter ] --START--
INFO: Run Behavior\WriteHtmlCacheBehavior [ RunTime:0.000000s ]
INFO: [ view_filter ] --END-- [ RunTime:0.000000s ]
INFO: [ app_end ] --START--
INFO: Run Behavior\ShowPageTraceBehavior [ RunTime:0.000000s ]
INFO: [ app_end ] --END-- [ RunTime:0.000000s ]

[ 2016-08-08T11:17:09+08:00 ] ::1 /libao/index.php/Home/Record/news_step2/name/%E5%BE%A1%E5%89%91%E6%83%85%E7%BC%98
INFO: [ app_init ] --START--
INFO: Run Behavior\BuildLiteBehavior [ RunTime:0.000000s ]
INFO: [ app_init ] --END-- [ RunTime:0.001000s ]
INFO: [ app_begin ] --START--
INFO: Run Behavior\ReadHtmlCacheBehavior [ RunTime:0.001000s ]
INFO: [ app_begin ] --END-- [ RunTime:0.002000s ]
INFO: [ view_parse ] --START--
INFO: [ template_filter ] --START--
INFO: Run Behavior\ContentReplaceBehavior [ RunTime:0.000000s ]
INFO: [ template_filter ] --END-- [ RunTime:0.000000s ]
INFO: Run Behavior\ParseTemplateBehavior [ RunTime:0.014001s ]
INFO: [ view_parse ] --END-- [ RunTime:0.014001s ]
INFO: [ view_filter ] --START--
INFO: Run Behavior\WriteHtmlCacheBehavior [ RunTime:0.001000s ]
INFO: [ view_filter ] --END-- [ RunTime:0.001000s ]
INFO: [ app_end ] --START--
INFO: Run Behavior\ShowPageTraceBehavior [ RunTime:0.002000s ]
INFO: [ app_end ] --END-- [ RunTime:0.002000s ]

[ 2016-08-08T11:17:29+08:00 ] ::1 /libao/index.php/Home/Record/news_step2/name/%E5%BE%A1%E5%89%91%E6%83%85%E7%BC%98
INFO: [ app_init ] --START--
INFO: Run Behavior\BuildLiteBehavior [ RunTime:0.000000s ]
INFO: [ app_init ] --END-- [ RunTime:0.001000s ]
INFO: [ app_begin ] --START--
INFO: Run Behavior\ReadHtmlCacheBehavior [ RunTime:0.001000s ]
INFO: [ app_begin ] --END-- [ RunTime:0.001000s ]
INFO: [ view_parse ] --START--
INFO: [ template_filter ] --START--
INFO: Run Behavior\ContentReplaceBehavior [ RunTime:0.000000s ]
INFO: [ template_filter ] --END-- [ RunTime:0.000000s ]
INFO: Run Behavior\ParseTemplateBehavior [ RunTime:0.010000s ]
INFO: [ view_parse ] --END-- [ RunTime:0.010000s ]
INFO: [ view_filter ] --START--
INFO: Run Behavior\WriteHtmlCacheBehavior [ RunTime:0.001000s ]
INFO: [ view_filter ] --END-- [ RunTime:0.001000s ]
INFO: [ app_end ] --START--
INFO: Run Behavior\ShowPageTraceBehavior [ RunTime:0.000000s ]
INFO: [ app_end ] --END-- [ RunTime:0.000000s ]

[ 2016-08-08T11:17:31+08:00 ] ::1 /libao/index.php/Home/Record/news_step2/name/%E5%BE%A1%E5%89%91%E6%83%85%E7%BC%98
INFO: [ app_init ] --START--
INFO: Run Behavior\BuildLiteBehavior [ RunTime:0.000000s ]
INFO: [ app_init ] --END-- [ RunTime:0.001000s ]
INFO: [ app_begin ] --START--
INFO: Run Behavior\ReadHtmlCacheBehavior [ RunTime:0.001000s ]
INFO: [ app_begin ] --END-- [ RunTime:0.001000s ]
INFO: [ view_parse ] --START--
INFO: [ template_filter ] --START--
INFO: Run Behavior\ContentReplaceBehavior [ RunTime:0.000000s ]
INFO: [ template_filter ] --END-- [ RunTime:0.000000s ]
INFO: Run Behavior\ParseTemplateBehavior [ RunTime:0.011001s ]
INFO: [ view_parse ] --END-- [ RunTime:0.011001s ]
INFO: [ view_filter ] --START--
INFO: Run Behavior\WriteHtmlCacheBehavior [ RunTime:0.001000s ]
INFO: [ view_filter ] --END-- [ RunTime:0.001000s ]
INFO: [ app_end ] --START--
INFO: Run Behavior\ShowPageTraceBehavior [ RunTime:0.000000s ]
INFO: [ app_end ] --END-- [ RunTime:0.000000s ]

[ 2016-08-08T11:17:33+08:00 ] ::1 /libao/index.php/Home/Record/lists.html
INFO: [ app_init ] --START--
INFO: Run Behavior\BuildLiteBehavior [ RunTime:0.000000s ]
INFO: [ app_init ] --END-- [ RunTime:0.001000s ]
INFO: [ app_begin ] --START--
INFO: Run Behavior\ReadHtmlCacheBehavior [ RunTime:0.001001s ]
INFO: [ app_begin ] --END-- [ RunTime:0.001001s ]
SQL: SHOW COLUMNS FROM `game` [ RunTime:0.0070s ]
SQL: SELECT * FROM `game`  [ RunTime:0.0010s ]
INFO: [ view_parse ] --START--
INFO: [ template_filter ] --START--
INFO: Run Behavior\ContentReplaceBehavior [ RunTime:0.000000s ]
INFO: [ template_filter ] --END-- [ RunTime:0.000000s ]
INFO: Run Behavior\ParseTemplateBehavior [ RunTime:0.011001s ]
INFO: [ view_parse ] --END-- [ RunTime:0.011001s ]
INFO: [ view_filter ] --START--
INFO: Run Behavior\WriteHtmlCacheBehavior [ RunTime:0.000000s ]
INFO: [ view_filter ] --END-- [ RunTime:0.000000s ]
INFO: [ app_end ] --START--
INFO: Run Behavior\ShowPageTraceBehavior [ RunTime:0.001000s ]
INFO: [ app_end ] --END-- [ RunTime:0.001000s ]

[ 2016-08-08T11:17:33+08:00 ] ::1 /libao/index.php/Home/Record/listsdata?_=1470626253441
INFO: [ app_init ] --START--
INFO: Run Behavior\BuildLiteBehavior [ RunTime:0.000000s ]
INFO: [ app_init ] --END-- [ RunTime:0.000000s ]
INFO: [ app_begin ] --START--
INFO: Run Behavior\ReadHtmlCacheBehavior [ RunTime:0.001000s ]
INFO: [ app_begin ] --END-- [ RunTime:0.001000s ]
SQL: select a.*,FROM_UNIXTIME(a.gettime, '%Y-%m-%d %H:%i:%s') as gettime,game_name,c.gift_name,c.content from code as a, game as b,gamepacks as c
                where  a.giftsid=c.giftsid and b.gameid=c.game_id and  flag=1 [ RunTime:0.0080s ]

[ 2016-08-08T11:17:34+08:00 ] ::1 /libao/index.php/Home/Record/giftsdata?_=1470626253442
INFO: [ app_init ] --START--
INFO: Run Behavior\BuildLiteBehavior [ RunTime:0.000000s ]
INFO: [ app_init ] --END-- [ RunTime:0.001000s ]
INFO: [ app_begin ] --START--
INFO: Run Behavior\ReadHtmlCacheBehavior [ RunTime:0.001000s ]
INFO: [ app_begin ] --END-- [ RunTime:0.001000s ]
SQL: select *,FROM_UNIXTIME(endtime, '%Y-%m-%d %H:%i:%s') as endtime1 from gamepacks where 1=1 order by endtime desc [ RunTime:0.0010s ]

[ 2016-08-08T11:17:42+08:00 ] ::1 /libao/index.php/Home/Record/importAgain/giftsid/34
INFO: [ app_init ] --START--
INFO: Run Behavior\BuildLiteBehavior [ RunTime:0.000000s ]
INFO: [ app_init ] --END-- [ RunTime:0.001000s ]
INFO: [ app_begin ] --START--
INFO: Run Behavior\ReadHtmlCacheBehavior [ RunTime:0.001000s ]
INFO: [ app_begin ] --END-- [ RunTime:0.001000s ]
SQL: select a.*,b.game_name,FROM_UNIXTIME(a.endtime, '%Y-%m-%d %H:%i:%s') as endtime from gamepacks as a, game as b where a.game_id=b.gameid and a.giftsid='34' [ RunTime:0.0000s ]
INFO: [ app_end ] --START--
INFO: Run Behavior\ShowPageTraceBehavior [ RunTime:0.000000s ]
INFO: [ app_end ] --END-- [ RunTime:0.000000s ]

[ 2016-08-08T11:17:45+08:00 ] ::1 /libao/index.php/Home/Record/importAgain/giftsid/34
INFO: [ app_init ] --START--
INFO: Run Behavior\BuildLiteBehavior [ RunTime:0.000000s ]
INFO: [ app_init ] --END-- [ RunTime:0.001000s ]
INFO: [ app_begin ] --START--
INFO: Run Behavior\ReadHtmlCacheBehavior [ RunTime:0.001000s ]
INFO: [ app_begin ] --END-- [ RunTime:0.001000s ]
SQL: select a.*,b.game_name,FROM_UNIXTIME(a.endtime, '%Y-%m-%d %H:%i:%s') as endtime from gamepacks as a, game as b where a.game_id=b.gameid and a.giftsid='34' [ RunTime:0.0000s ]
INFO: [ app_end ] --START--
INFO: Run Behavior\ShowPageTraceBehavior [ RunTime:0.001000s ]
INFO: [ app_end ] --END-- [ RunTime:0.001000s ]

[ 2016-08-08T11:17:46+08:00 ] ::1 /libao/index.php/Home/Record/listsdata?_=1470626266429
INFO: [ app_init ] --START--
INFO: Run Behavior\BuildLiteBehavior [ RunTime:0.000000s ]
INFO: [ app_init ] --END-- [ RunTime:0.000000s ]
INFO: [ app_begin ] --START--
INFO: Run Behavior\ReadHtmlCacheBehavior [ RunTime:0.000000s ]
INFO: [ app_begin ] --END-- [ RunTime:0.000000s ]
SQL: select a.*,FROM_UNIXTIME(a.gettime, '%Y-%m-%d %H:%i:%s') as gettime,game_name,c.gift_name,c.content from code as a, game as b,gamepacks as c
                where  a.giftsid=c.giftsid and b.gameid=c.game_id and  flag=1 [ RunTime:0.0060s ]

[ 2016-08-08T11:17:47+08:00 ] ::1 /libao/index.php/Home/Record/lists.html
INFO: [ app_init ] --START--
INFO: Run Behavior\BuildLiteBehavior [ RunTime:0.000000s ]
INFO: [ app_init ] --END-- [ RunTime:0.001000s ]
INFO: [ app_begin ] --START--
INFO: Run Behavior\ReadHtmlCacheBehavior [ RunTime:0.001000s ]
INFO: [ app_begin ] --END-- [ RunTime:0.001000s ]
SQL: SHOW COLUMNS FROM `game` [ RunTime:0.0050s ]
SQL: SELECT * FROM `game`  [ RunTime:0.0010s ]
INFO: [ view_parse ] --START--
INFO: [ template_filter ] --START--
INFO: Run Behavior\ContentReplaceBehavior [ RunTime:0.000000s ]
INFO: [ template_filter ] --END-- [ RunTime:0.000000s ]
INFO: Run Behavior\ParseTemplateBehavior [ RunTime:0.007000s ]
INFO: [ view_parse ] --END-- [ RunTime:0.007000s ]
INFO: [ view_filter ] --START--
INFO: Run Behavior\WriteHtmlCacheBehavior [ RunTime:0.001000s ]
INFO: [ view_filter ] --END-- [ RunTime:0.001000s ]
INFO: [ app_end ] --START--
INFO: Run Behavior\ShowPageTraceBehavior [ RunTime:0.000000s ]
INFO: [ app_end ] --END-- [ RunTime:0.000000s ]

[ 2016-08-08T11:17:47+08:00 ] ::1 /libao/index.php/Home/Record/giftsdata?_=1470626266430
INFO: [ app_init ] --START--
INFO: Run Behavior\BuildLiteBehavior [ RunTime:0.000000s ]
INFO: [ app_init ] --END-- [ RunTime:0.001000s ]
INFO: [ app_begin ] --START--
INFO: Run Behavior\ReadHtmlCacheBehavior [ RunTime:0.000000s ]
INFO: [ app_begin ] --END-- [ RunTime:0.000000s ]
SQL: select *,FROM_UNIXTIME(endtime, '%Y-%m-%d %H:%i:%s') as endtime1 from gamepacks where 1=1 order by endtime desc [ RunTime:0.0010s ]

[ 2016-08-08T11:17:52+08:00 ] ::1 /libao/index.php/Home/Record/lists.html
INFO: [ app_init ] --START--
INFO: Run Behavior\BuildLiteBehavior [ RunTime:0.000000s ]
INFO: [ app_init ] --END-- [ RunTime:0.001000s ]
INFO: [ app_begin ] --START--
INFO: Run Behavior\ReadHtmlCacheBehavior [ RunTime:0.001000s ]
INFO: [ app_begin ] --END-- [ RunTime:0.002000s ]
SQL: SHOW COLUMNS FROM `game` [ RunTime:0.0100s ]
SQL: SELECT * FROM `game`  [ RunTime:0.0000s ]
INFO: [ view_parse ] --START--
INFO: [ template_filter ] --START--
INFO: Run Behavior\ContentReplaceBehavior [ RunTime:0.000000s ]
INFO: [ template_filter ] --END-- [ RunTime:0.000000s ]
INFO: Run Behavior\ParseTemplateBehavior [ RunTime:0.008000s ]
INFO: [ view_parse ] --END-- [ RunTime:0.008000s ]
INFO: [ view_filter ] --START--
INFO: Run Behavior\WriteHtmlCacheBehavior [ RunTime:0.000000s ]
INFO: [ view_filter ] --END-- [ RunTime:0.000000s ]
INFO: [ app_end ] --START--
INFO: Run Behavior\ShowPageTraceBehavior [ RunTime:0.001000s ]
INFO: [ app_end ] --END-- [ RunTime:0.001000s ]

[ 2016-08-08T11:17:53+08:00 ] ::1 /libao/index.php/Home/Record/lists.html
INFO: [ app_init ] --START--
INFO: Run Behavior\BuildLiteBehavior [ RunTime:0.000000s ]
INFO: [ app_init ] --END-- [ RunTime:0.000000s ]
INFO: [ app_begin ] --START--
INFO: Run Behavior\ReadHtmlCacheBehavior [ RunTime:0.001000s ]
INFO: [ app_begin ] --END-- [ RunTime:0.001000s ]
SQL: SHOW COLUMNS FROM `game` [ RunTime:0.0060s ]
SQL: SELECT * FROM `game`  [ RunTime:0.0000s ]
INFO: [ view_parse ] --START--
INFO: [ template_filter ] --START--
INFO: Run Behavior\ContentReplaceBehavior [ RunTime:0.000000s ]
INFO: [ template_filter ] --END-- [ RunTime:0.000000s ]
INFO: Run Behavior\ParseTemplateBehavior [ RunTime:0.007001s ]
INFO: [ view_parse ] --END-- [ RunTime:0.007001s ]
INFO: [ view_filter ] --START--
INFO: Run Behavior\WriteHtmlCacheBehavior [ RunTime:0.000000s ]
INFO: [ view_filter ] --END-- [ RunTime:0.001000s ]
INFO: [ app_end ] --START--
INFO: Run Behavior\ShowPageTraceBehavior [ RunTime:0.000000s ]
INFO: [ app_end ] --END-- [ RunTime:0.000000s ]

[ 2016-08-08T11:17:58+08:00 ] ::1 /libao/index.php/Home/Record/lists
INFO: [ app_init ] --START--
INFO: Run Behavior\BuildLiteBehavior [ RunTime:0.000000s ]
INFO: [ app_init ] --END-- [ RunTime:0.000000s ]
INFO: [ app_begin ] --START--
INFO: Run Behavior\ReadHtmlCacheBehavior [ RunTime:0.001000s ]
INFO: [ app_begin ] --END-- [ RunTime:0.001000s ]
SQL: SHOW COLUMNS FROM `game` [ RunTime:0.0050s ]
SQL: SELECT * FROM `game`  [ RunTime:0.0010s ]
INFO: [ view_parse ] --START--
INFO: [ template_filter ] --START--
INFO: Run Behavior\ContentReplaceBehavior [ RunTime:0.000000s ]
INFO: [ template_filter ] --END-- [ RunTime:0.000000s ]
INFO: Run Behavior\ParseTemplateBehavior [ RunTime:0.008000s ]
INFO: [ view_parse ] --END-- [ RunTime:0.008000s ]
INFO: [ view_filter ] --START--
INFO: Run Behavior\WriteHtmlCacheBehavior [ RunTime:0.000000s ]
INFO: [ view_filter ] --END-- [ RunTime:0.000000s ]
INFO: [ app_end ] --START--
INFO: Run Behavior\ShowPageTraceBehavior [ RunTime:0.000000s ]
INFO: [ app_end ] --END-- [ RunTime:0.000000s ]

[ 2016-08-08T11:19:21+08:00 ] ::1 /libao/index.php/Home/Record/lists
INFO: [ app_init ] --START--
INFO: Run Behavior\BuildLiteBehavior [ RunTime:0.000000s ]
INFO: [ app_init ] --END-- [ RunTime:0.000000s ]
INFO: [ app_begin ] --START--
INFO: Run Behavior\ReadHtmlCacheBehavior [ RunTime:0.001000s ]
INFO: [ app_begin ] --END-- [ RunTime:0.001000s ]
SQL: SHOW COLUMNS FROM `game` [ RunTime:0.0050s ]
SQL: SELECT * FROM `game`  [ RunTime:0.0000s ]
INFO: [ view_parse ] --START--
INFO: [ template_filter ] --START--
INFO: Run Behavior\ContentReplaceBehavior [ RunTime:0.000000s ]
INFO: [ template_filter ] --END-- [ RunTime:0.000000s ]
INFO: Run Behavior\ParseTemplateBehavior [ RunTime:0.008001s ]
INFO: [ view_parse ] --END-- [ RunTime:0.008001s ]
INFO: [ view_filter ] --START--
INFO: Run Behavior\WriteHtmlCacheBehavior [ RunTime:0.001000s ]
INFO: [ view_filter ] --END-- [ RunTime:0.001000s ]
INFO: [ app_end ] --START--
INFO: Run Behavior\ShowPageTraceBehavior [ RunTime:0.001000s ]
INFO: [ app_end ] --END-- [ RunTime:0.001000s ]

[ 2016-08-08T11:19:21+08:00 ] ::1 /libao/index.php/Home/Record/listsdata?_=1470626361288
INFO: [ app_init ] --START--
INFO: Run Behavior\BuildLiteBehavior [ RunTime:0.000000s ]
INFO: [ app_init ] --END-- [ RunTime:0.000000s ]
INFO: [ app_begin ] --START--
INFO: Run Behavior\ReadHtmlCacheBehavior [ RunTime:0.001000s ]
INFO: [ app_begin ] --END-- [ RunTime:0.001000s ]
SQL: select a.*,FROM_UNIXTIME(a.gettime, '%Y-%m-%d %H:%i:%s') as gettime,game_name,c.gift_name,c.content from code as a, game as b,gamepacks as c
                where  a.giftsid=c.giftsid and b.gameid=c.game_id and  flag=1 [ RunTime:0.0060s ]

[ 2016-08-08T11:19:22+08:00 ] ::1 /libao/index.php/Home/Record/giftsdata?_=1470626361289
INFO: [ app_init ] --START--
INFO: Run Behavior\BuildLiteBehavior [ RunTime:0.000000s ]
INFO: [ app_init ] --END-- [ RunTime:0.001000s ]
INFO: [ app_begin ] --START--
INFO: Run Behavior\ReadHtmlCacheBehavior [ RunTime:0.001000s ]
INFO: [ app_begin ] --END-- [ RunTime:0.001000s ]
SQL: select *,FROM_UNIXTIME(endtime, '%Y-%m-%d %H:%i:%s') as endtime1 from gamepacks where 1=1 order by endtime desc [ RunTime:0.0010s ]

[ 2016-08-08T11:19:27+08:00 ] ::1 /libao/index.php/Home/Record/localhostPaht+projectName+
INFO: [ app_init ] --START--
INFO: Run Behavior\BuildLiteBehavior [ RunTime:0.000000s ]
INFO: [ app_init ] --END-- [ RunTime:0.001000s ]
INFO: [ app_begin ] --START--
INFO: Run Behavior\ReadHtmlCacheBehavior [ RunTime:0.001000s ]
INFO: [ app_begin ] --END-- [ RunTime:0.001000s ]
ERR: 非法操作:localhostPaht+projectName+

[ 2016-08-08T11:19:34+08:00 ] ::1 /libao/index.php/Home/Record/listsdata?_=1470626374654
INFO: [ app_init ] --START--
INFO: Run Behavior\BuildLiteBehavior [ RunTime:0.000000s ]
INFO: [ app_init ] --END-- [ RunTime:0.001000s ]
INFO: [ app_begin ] --START--
INFO: Run Behavior\ReadHtmlCacheBehavior [ RunTime:0.001000s ]
INFO: [ app_begin ] --END-- [ RunTime:0.001000s ]
SQL: select a.*,FROM_UNIXTIME(a.gettime, '%Y-%m-%d %H:%i:%s') as gettime,game_name,c.gift_name,c.content from code as a, game as b,gamepacks as c
                where  a.giftsid=c.giftsid and b.gameid=c.game_id and  flag=1 [ RunTime:0.0070s ]

[ 2016-08-08T11:19:35+08:00 ] ::1 /libao/index.php/Home/Record/giftsdata?_=1470626374655
INFO: [ app_init ] --START--
INFO: Run Behavior\BuildLiteBehavior [ RunTime:0.000000s ]
INFO: [ app_init ] --END-- [ RunTime:0.000000s ]
INFO: [ app_begin ] --START--
INFO: Run Behavior\ReadHtmlCacheBehavior [ RunTime:0.001000s ]
INFO: [ app_begin ] --END-- [ RunTime:0.001000s ]
SQL: select *,FROM_UNIXTIME(endtime, '%Y-%m-%d %H:%i:%s') as endtime1 from gamepacks where 1=1 order by endtime desc [ RunTime:0.0000s ]

[ 2016-08-08T11:23:53+08:00 ] ::1 /libao/index.php/Home/Record/lists
INFO: [ app_init ] --START--
INFO: Run Behavior\BuildLiteBehavior [ RunTime:0.000000s ]
INFO: [ app_init ] --END-- [ RunTime:0.001000s ]
INFO: [ app_begin ] --START--
INFO: Run Behavior\ReadHtmlCacheBehavior [ RunTime:0.000000s ]
INFO: [ app_begin ] --END-- [ RunTime:0.000000s ]
SQL: SHOW COLUMNS FROM `game` [ RunTime:0.0050s ]
SQL: SELECT * FROM `game`  [ RunTime:0.0000s ]
INFO: [ view_parse ] --START--
INFO: [ template_filter ] --START--
INFO: Run Behavior\ContentReplaceBehavior [ RunTime:0.000000s ]
INFO: [ template_filter ] --END-- [ RunTime:0.000000s ]
INFO: Run Behavior\ParseTemplateBehavior [ RunTime:0.017001s ]
INFO: [ view_parse ] --END-- [ RunTime:0.017001s ]
INFO: [ view_filter ] --START--
INFO: Run Behavior\WriteHtmlCacheBehavior [ RunTime:0.001000s ]
INFO: [ view_filter ] --END-- [ RunTime:0.001000s ]
INFO: [ app_end ] --START--
INFO: Run Behavior\ShowPageTraceBehavior [ RunTime:0.001000s ]
INFO: [ app_end ] --END-- [ RunTime:0.001000s ]

[ 2016-08-08T11:23:54+08:00 ] ::1 /libao/index.php/Home/Record/listsdata?_=1470626634008
INFO: [ app_init ] --START--
INFO: Run Behavior\BuildLiteBehavior [ RunTime:0.000000s ]
INFO: [ app_init ] --END-- [ RunTime:0.000000s ]
INFO: [ app_begin ] --START--
INFO: Run Behavior\ReadHtmlCacheBehavior [ RunTime:0.001000s ]
INFO: [ app_begin ] --END-- [ RunTime:0.001000s ]
SQL: select a.*,FROM_UNIXTIME(a.gettime, '%Y-%m-%d %H:%i:%s') as gettime,game_name,c.gift_name,c.content from code as a, game as b,gamepacks as c
                where  a.giftsid=c.giftsid and b.gameid=c.game_id and  flag=1 [ RunTime:0.0060s ]

[ 2016-08-08T11:23:55+08:00 ] ::1 /libao/index.php/Home/Record/giftsdata?_=1470626634009
INFO: [ app_init ] --START--
INFO: Run Behavior\BuildLiteBehavior [ RunTime:0.000000s ]
INFO: [ app_init ] --END-- [ RunTime:0.001000s ]
INFO: [ app_begin ] --START--
INFO: Run Behavior\ReadHtmlCacheBehavior [ RunTime:0.001000s ]
INFO: [ app_begin ] --END-- [ RunTime:0.001000s ]
SQL: select *,FROM_UNIXTIME(endtime, '%Y-%m-%d %H:%i:%s') as endtime1 from gamepacks where 1=1 order by endtime desc [ RunTime:0.0000s ]

[ 2016-08-08T11:23:57+08:00 ] ::1 /libao/index.php/Home/Record/importAgain/giftsid/34
INFO: [ app_init ] --START--
INFO: Run Behavior\BuildLiteBehavior [ RunTime:0.000000s ]
INFO: [ app_init ] --END-- [ RunTime:0.000000s ]
INFO: [ app_begin ] --START--
INFO: Run Behavior\ReadHtmlCacheBehavior [ RunTime:0.001000s ]
INFO: [ app_begin ] --END-- [ RunTime:0.001000s ]
SQL: select a.*,b.game_name,FROM_UNIXTIME(a.endtime, '%Y-%m-%d %H:%i:%s') as endtime from gamepacks as a, game as b where a.game_id=b.gameid and a.giftsid='34' [ RunTime:0.0010s ]
INFO: [ view_parse ] --START--
INFO: [ template_filter ] --START--
INFO: Run Behavior\ContentReplaceBehavior [ RunTime:0.000000s ]
INFO: [ template_filter ] --END-- [ RunTime:0.000000s ]
INFO: Run Behavior\ParseTemplateBehavior [ RunTime:0.009001s ]
INFO: [ view_parse ] --END-- [ RunTime:0.009001s ]
INFO: [ view_filter ] --START--
INFO: Run Behavior\WriteHtmlCacheBehavior [ RunTime:0.000000s ]
INFO: [ view_filter ] --END-- [ RunTime:0.000000s ]
INFO: [ app_end ] --START--
INFO: Run Behavior\ShowPageTraceBehavior [ RunTime:0.001000s ]
INFO: [ app_end ] --END-- [ RunTime:0.001000s ]

